<?xml version="1.0" encoding="UTF-8"?>
<!-- Generated by org.testng.reporters.JUnitReportReporter -->
<testsuite hostname="TILLT04345" name="com.til.ctnBrandwire.test.TestAdminModule" tests="2" failures="0" timestamp="13 Sep 2018 06:48:16 GMT" time="24.393" errors="0">
  <testcase name="verifyLogin" time="23.345" classname="com.til.ctnBrandwire.test.TestAdminModule"/>
  <testcase name="afterSuite" time="1.048" classname="com.til.ctnBrandwire.test.TestAdminModule"/>
</testsuite> <!-- com.til.ctnBrandwire.test.TestAdminModule -->
