<?xml version="1.0" encoding="UTF-8"?>
<!-- Generated by org.testng.reporters.JUnitReportReporter -->
<testsuite hostname="TILLT04345" name="com.til.ctnBrandwire.test.TestSuperAdmin" tests="38" failures="0" timestamp="26 Sep 2018 10:28:05 GMT" time="388.389" errors="0">
  <testcase name="verifyPackageExecDashboard" time="8.216" classname="com.til.ctnBrandwire.test.TestSuperAdmin"/>
  <testcase name="verifyFinanceRecordSales" time="12.573" classname="com.til.ctnBrandwire.test.TestSuperAdmin"/>
  <testcase name="verifyCreatePackage" time="8.768" classname="com.til.ctnBrandwire.test.TestSuperAdmin"/>
  <testcase name="verifyCreateComment" time="10.002" classname="com.til.ctnBrandwire.test.TestSuperAdmin"/>
  <testcase name="verifyCreateResponse" time="9.186" classname="com.til.ctnBrandwire.test.TestSuperAdmin"/>
  <testcase name="verifyLeadDashboard" time="14.801" classname="com.til.ctnBrandwire.test.TestSuperAdmin"/>
  <testcase name="verifyLeadCreateClientAccount" time="7.005" classname="com.til.ctnBrandwire.test.TestSuperAdmin"/>
  <testcase name="verifycontentExecDashboard" time="11.527" classname="com.til.ctnBrandwire.test.TestSuperAdmin"/>
  <testcase name="verifyAccountsManageBrand" time="9.355" classname="com.til.ctnBrandwire.test.TestSuperAdmin"/>
  <testcase name="verifySalesDashboard" time="12.162" classname="com.til.ctnBrandwire.test.TestSuperAdmin"/>
  <testcase name="verifyLogin" time="6.209" classname="com.til.ctnBrandwire.test.TestSuperAdmin"/>
  <testcase name="verifyFinanceDashboardFilter" time="10.444" classname="com.til.ctnBrandwire.test.TestSuperAdmin"/>
  <testcase name="verifyAccountsAddManager" time="7.654" classname="com.til.ctnBrandwire.test.TestSuperAdmin"/>
  <testcase name="verifyAccountsCreateAccount" time="8.348" classname="com.til.ctnBrandwire.test.TestSuperAdmin"/>
  <testcase name="verifyAccountsAddBrand" time="9.683" classname="com.til.ctnBrandwire.test.TestSuperAdmin"/>
  <testcase name="verifyFinanceInvoices" time="9.256" classname="com.til.ctnBrandwire.test.TestSuperAdmin"/>
  <testcase name="verifyLeadInvoices" time="7.818" classname="com.til.ctnBrandwire.test.TestSuperAdmin"/>
  <testcase name="verifyAccountDashboardFilter" time="10.460" classname="com.til.ctnBrandwire.test.TestSuperAdmin"/>
  <testcase name="verifyContentDashboard" time="19.987" classname="com.til.ctnBrandwire.test.TestSuperAdmin"/>
  <testcase name="verifyAccountDashboard" time="19.359" classname="com.til.ctnBrandwire.test.TestSuperAdmin"/>
  <testcase name="verifyAdminDashboard" time="12.755" classname="com.til.ctnBrandwire.test.TestSuperAdmin"/>
  <testcase name="verifyPackageDashboard" time="21.854" classname="com.til.ctnBrandwire.test.TestSuperAdmin"/>
  <testcase name="verifyAdminDashboardFilter" time="3.898" classname="com.til.ctnBrandwire.test.TestSuperAdmin"/>
  <testcase name="verifyAccountsManagePublication" time="10.249" classname="com.til.ctnBrandwire.test.TestSuperAdmin"/>
  <testcase name="verifyFinanceManageOfferings" time="8.100" classname="com.til.ctnBrandwire.test.TestSuperAdmin"/>
  <testcase name="logOutApp" time="8.736" classname="com.til.ctnBrandwire.test.TestSuperAdmin"/>
  <testcase name="verifyLeadManageOfferings" time="7.788" classname="com.til.ctnBrandwire.test.TestSuperAdmin"/>
  <testcase name="verifyLeadDashboardFilter" time="4.010" classname="com.til.ctnBrandwire.test.TestSuperAdmin"/>
  <testcase name="verifyFinanceDashboard" time="20.162" classname="com.til.ctnBrandwire.test.TestSuperAdmin"/>
  <testcase name="verifyCreateStory" time="13.426" classname="com.til.ctnBrandwire.test.TestSuperAdmin"/>
  <testcase name="verifyLeadRecordSales" time="8.318" classname="com.til.ctnBrandwire.test.TestSuperAdmin"/>
  <testcase name="browserClose" time="6.111" classname="com.til.ctnBrandwire.test.TestSuperAdmin"/>
  <testcase name="verifyManagePricing" time="8.704" classname="com.til.ctnBrandwire.test.TestSuperAdmin"/>
  <testcase name="verifyFinanceCreateAccount" time="8.194" classname="com.til.ctnBrandwire.test.TestSuperAdmin"/>
  <testcase name="verifyAdminCreateAccount" time="7.504" classname="com.til.ctnBrandwire.test.TestSuperAdmin"/>
  <testcase name="verifyCreateUpdate" time="9.217" classname="com.til.ctnBrandwire.test.TestSuperAdmin"/>
  <testcase name="verifyCreateLead" time="8.116" classname="com.til.ctnBrandwire.test.TestSuperAdmin"/>
  <testcase name="verifyAccountsManageManager" time="8.434" classname="com.til.ctnBrandwire.test.TestSuperAdmin"/>
</testsuite> <!-- com.til.ctnBrandwire.test.TestSuperAdmin -->
