<?xml version="1.0" encoding="UTF-8"?>
<!-- Generated by org.testng.reporters.JUnitReportReporter -->
<testsuite hostname="TILLT04345" name="com.til.ctnBrandwire.test.TestSuperAdmin" tests="39" failures="0" timestamp="26 Sep 2018 04:39:23 GMT" time="306.990" errors="0">
  <testcase name="verifyCreateStory" time="12.335" classname="com.til.ctnBrandwire.test.TestSuperAdmin"/>
  <testcase name="verifyCreatePackage" time="6.300" classname="com.til.ctnBrandwire.test.TestSuperAdmin"/>
  <testcase name="verifyLeadCreateClientAccount" time="6.723" classname="com.til.ctnBrandwire.test.TestSuperAdmin"/>
  <testcase name="browserClose" time="5.218" classname="com.til.ctnBrandwire.test.TestSuperAdmin"/>
  <testcase name="verifyCreateUpdate" time="6.816" classname="com.til.ctnBrandwire.test.TestSuperAdmin"/>
  <testcase name="verifyAccountsManagePublication" time="7.764" classname="com.til.ctnBrandwire.test.TestSuperAdmin"/>
  <testcase name="verifyFinanceManageOfferings" time="8.514" classname="com.til.ctnBrandwire.test.TestSuperAdmin"/>
  <testcase name="verifyAdminDashboard" time="10.344" classname="com.til.ctnBrandwire.test.TestSuperAdmin"/>
  <testcase name="verifyAccountsCreateAccount" time="6.740" classname="com.til.ctnBrandwire.test.TestSuperAdmin"/>
  <testcase name="verifycontentExecDashboard" time="8.804" classname="com.til.ctnBrandwire.test.TestSuperAdmin"/>
  <testcase name="verifyFinanceRecordSales" time="16.595" classname="com.til.ctnBrandwire.test.TestSuperAdmin"/>
  <testcase name="verifyFinanceDashboardFilter" time="3.921" classname="com.til.ctnBrandwire.test.TestSuperAdmin"/>
  <testcase name="verifyAccountsManageBrand" time="8.913" classname="com.til.ctnBrandwire.test.TestSuperAdmin"/>
  <testcase name="verifyCreateResponse" time="7.147" classname="com.til.ctnBrandwire.test.TestSuperAdmin"/>
  <testcase name="verifySalesDashboard" time="9.971" classname="com.til.ctnBrandwire.test.TestSuperAdmin"/>
  <testcase name="logOutApp" time="9.206" classname="com.til.ctnBrandwire.test.TestSuperAdmin"/>
  <testcase name="verifyContentDashboard" time="9.505" classname="com.til.ctnBrandwire.test.TestSuperAdmin"/>
  <testcase name="verifyContentDashboardFilter" time="4.235" classname="com.til.ctnBrandwire.test.TestSuperAdmin"/>
  <testcase name="verifyManagePricing" time="5.570" classname="com.til.ctnBrandwire.test.TestSuperAdmin"/>
  <testcase name="verifyAccountsManageManager" time="6.612" classname="com.til.ctnBrandwire.test.TestSuperAdmin"/>
  <testcase name="verifyPackageExecDashboard" time="7.170" classname="com.til.ctnBrandwire.test.TestSuperAdmin"/>
  <testcase name="verifyPackageDashboard" time="15.266" classname="com.til.ctnBrandwire.test.TestSuperAdmin"/>
  <testcase name="verifyCreateLead" time="5.428" classname="com.til.ctnBrandwire.test.TestSuperAdmin"/>
  <testcase name="verifyLeadManageOfferings" time="7.293" classname="com.til.ctnBrandwire.test.TestSuperAdmin"/>
  <testcase name="verifyCreateComment" time="6.966" classname="com.til.ctnBrandwire.test.TestSuperAdmin"/>
  <testcase name="verifyAccountDashboardFilter" time="3.865" classname="com.til.ctnBrandwire.test.TestSuperAdmin"/>
  <testcase name="verifyAdminCreateAccount" time="7.431" classname="com.til.ctnBrandwire.test.TestSuperAdmin"/>
  <testcase name="verifyAccountDashboard" time="11.056" classname="com.til.ctnBrandwire.test.TestSuperAdmin"/>
  <testcase name="verifyAccountsAddBrand" time="7.746" classname="com.til.ctnBrandwire.test.TestSuperAdmin"/>
  <testcase name="verifyLogin" time="8.633" classname="com.til.ctnBrandwire.test.TestSuperAdmin"/>
  <testcase name="verifyLeadInvoices" time="6.065" classname="com.til.ctnBrandwire.test.TestSuperAdmin"/>
  <testcase name="verifyAccountsAddManager" time="8.314" classname="com.til.ctnBrandwire.test.TestSuperAdmin"/>
  <testcase name="verifyLeadDashboardFilter" time="3.946" classname="com.til.ctnBrandwire.test.TestSuperAdmin"/>
  <testcase name="verifyLeadDashboard" time="11.695" classname="com.til.ctnBrandwire.test.TestSuperAdmin"/>
  <testcase name="verifyFinanceCreateAccount" time="6.135" classname="com.til.ctnBrandwire.test.TestSuperAdmin"/>
  <testcase name="verifyFinanceInvoices" time="6.862" classname="com.til.ctnBrandwire.test.TestSuperAdmin"/>
  <testcase name="verifyLeadRecordSales" time="7.266" classname="com.til.ctnBrandwire.test.TestSuperAdmin"/>
  <testcase name="verifyFinanceDashboard" time="10.766" classname="com.til.ctnBrandwire.test.TestSuperAdmin"/>
  <testcase name="verifyAdminDashboardFilter" time="3.854" classname="com.til.ctnBrandwire.test.TestSuperAdmin"/>
</testsuite> <!-- com.til.ctnBrandwire.test.TestSuperAdmin -->
